<?xml version="1.0" encoding="UTF-8"?>
<!-- Generated by org.testng.reporters.JUnitReportReporter -->
<testsuite hostname="DESKTOP-JHFGCAS" failures="0" tests="1" name="testcase.TestPrime" time="0.006" errors="0" timestamp="2023-01-24T21:17:55 PST" skipped="0">
  <testcase classname="testcase.TestPrime" name="testInputIsEven" time="0.006"/>
  <system-out/>
</testsuite> <!-- testcase.TestPrime -->
